TN:
SF:/Users/PTS/code/secondhalf/getit-gotit/src/client/app/app.module.js
FN:1,(anonymous_1)
FNF:1
FNH:1
FNDA:1,(anonymous_1)
DA:1,1
DA:4,1
LF:2
LH:2
BRF:0
BRH:0
end_of_record
TN:
SF:/Users/PTS/code/secondhalf/getit-gotit/src/client/app/blocks/exception/exception.module.js
FN:1,(anonymous_1)
FNF:1
FNH:1
FNDA:1,(anonymous_1)
DA:1,1
DA:4,1
LF:2
LH:2
BRF:0
BRH:0
end_of_record
TN:
SF:/Users/PTS/code/secondhalf/getit-gotit/src/client/app/blocks/logger/logger.module.js
FNF:0
FNH:0
LF:0
LH:0
BRF:0
BRH:0
end_of_record
TN:
SF:/Users/PTS/code/secondhalf/getit-gotit/src/client/app/blocks/router/router.module.js
FN:1,(anonymous_1)
FNF:1
FNH:1
FNDA:1,(anonymous_1)
DA:1,1
DA:4,1
LF:2
LH:2
BRF:0
BRH:0
end_of_record
TN:
SF:/Users/PTS/code/secondhalf/getit-gotit/src/client/app/home/home.module.js
FN:1,(anonymous_1)
FNF:1
FNH:1
FNDA:1,(anonymous_1)
DA:1,1
DA:4,1
LF:2
LH:2
BRF:0
BRH:0
end_of_record
TN:
SF:/Users/PTS/code/secondhalf/getit-gotit/src/client/app/app.config.js
FNF:0
FNH:0
LF:0
LH:0
BRF:0
BRH:0
end_of_record
TN:
SF:/Users/PTS/code/secondhalf/getit-gotit/src/client/app/app.core.js
FN:1,(anonymous_1)
FNF:1
FNH:1
FNDA:1,(anonymous_1)
DA:1,1
DA:4,1
LF:2
LH:2
BRF:0
BRH:0
end_of_record
TN:
SF:/Users/PTS/code/secondhalf/getit-gotit/src/client/app/blocks/exception/exception-handler.provider.js
FN:3,(anonymous_1)
FN:14,exceptionHandlerProvider
FN:20,(anonymous_3)
FN:24,(anonymous_4)
FN:37,config
FN:50,extendExceptionHandler
FN:51,(anonymous_7)
FNF:7
FNH:1
FNDA:1,(anonymous_1)
FNDA:0,exceptionHandlerProvider
FNDA:0,(anonymous_3)
FNDA:0,(anonymous_4)
FNDA:0,config
FNDA:0,extendExceptionHandler
FNDA:0,(anonymous_7)
DA:3,1
DA:6,1
DA:14,1
DA:16,0
DA:20,0
DA:21,0
DA:24,0
DA:25,0
DA:29,1
DA:37,1
DA:38,0
DA:41,1
DA:50,1
DA:51,0
DA:52,0
DA:53,0
DA:54,0
DA:55,0
DA:65,0
LF:19
LH:7
BRDA:52,1,0,0
BRDA:52,1,1,0
BRF:2
BRH:0
end_of_record
TN:
SF:/Users/PTS/code/secondhalf/getit-gotit/src/client/app/blocks/exception/exception.js
FN:1,(anonymous_1)
FN:9,exception
FN:15,catcher
FN:16,(anonymous_4)
FNF:4
FNH:1
FNDA:1,(anonymous_1)
FNDA:0,exception
FNDA:0,catcher
FNDA:0,(anonymous_4)
DA:1,1
DA:4,1
DA:9,1
DA:10,0
DA:13,0
DA:15,1
DA:16,0
DA:17,0
DA:18,0
DA:19,0
DA:20,0
DA:21,0
DA:23,0
DA:24,0
DA:25,0
LF:15
LH:4
BRDA:19,1,0,0
BRDA:19,1,1,0
BRDA:19,2,0,0
BRDA:19,2,1,0
BRF:4
BRH:0
end_of_record
TN:
SF:/Users/PTS/code/secondhalf/getit-gotit/src/client/app/blocks/logger/logger.js
FNF:0
FNH:0
LF:0
LH:0
BRF:0
BRH:0
end_of_record
TN:
SF:/Users/PTS/code/secondhalf/getit-gotit/src/client/app/blocks/router/router-helper.provider.js
FN:2,(anonymous_1)
FN:11,routerHelperProvider
FN:24,(anonymous_3)
FN:31,RouterHelper
FN:51,configureStates
FN:52,(anonymous_6)
FN:63,handleRoutingErrors
FN:68,(anonymous_8)
FN:86,init
FN:91,getStates
FN:93,updateDocTitle
FN:95,(anonymous_12)
FNF:12
FNH:1
FNDA:1,(anonymous_1)
FNDA:0,routerHelperProvider
FNDA:0,(anonymous_3)
FNDA:0,RouterHelper
FNDA:0,configureStates
FNDA:0,(anonymous_6)
FNDA:0,handleRoutingErrors
FNDA:0,(anonymous_8)
FNDA:0,init
FNDA:0,getStates
FNDA:0,updateDocTitle
FNDA:0,(anonymous_12)
DA:2,1
DA:5,1
DA:9,1
DA:11,1
DA:13,0
DA:18,0
DA:19,0
DA:22,0
DA:24,0
DA:25,0
DA:28,0
DA:29,0
DA:31,1
DA:32,0
DA:33,0
DA:34,0
DA:39,0
DA:45,0
DA:47,0
DA:51,1
DA:52,0
DA:53,0
DA:55,0
DA:57,0
DA:58,0
DA:59,0
DA:63,1
DA:67,0
DA:69,0
DA:70,0
DA:72,0
DA:73,0
DA:74,0
DA:77,0
DA:81,0
DA:86,1
DA:87,0
DA:88,0
DA:91,1
DA:93,1
DA:94,0
DA:96,0
DA:97,0
DA:98,0
DA:99,0
LF:45
LH:10
BRDA:18,1,0,0
BRDA:18,1,1,0
BRDA:18,2,0,0
BRDA:18,2,1,0
BRDA:54,3,0,0
BRDA:54,3,1,0
BRDA:57,4,0,0
BRDA:57,4,1,0
BRDA:57,5,0,0
BRDA:57,5,1,0
BRDA:69,6,0,0
BRDA:69,6,1,0
BRDA:74,7,0,0
BRDA:74,7,1,0
BRDA:74,7,2,0
BRDA:74,7,3,0
BRDA:74,7,4,0
BRDA:78,8,0,0
BRDA:78,8,1,0
BRDA:78,9,0,0
BRDA:78,9,1,0
BRDA:79,10,0,0
BRDA:79,10,1,0
BRDA:98,11,0,0
BRDA:98,11,1,0
BRF:25
BRH:0
end_of_record
TN:
SF:/Users/PTS/code/secondhalf/getit-gotit/src/client/app/home/home.controller.js
FN:1,(anonymous_1)
FN:11,HomeController
FN:16,activate
FNF:3
FNH:1
FNDA:1,(anonymous_1)
FNDA:0,HomeController
FNDA:0,activate
DA:1,1
DA:4,1
DA:8,1
DA:11,1
DA:12,0
DA:14,0
DA:16,1
DA:17,0
LF:8
LH:5
BRF:0
BRH:0
end_of_record
TN:
SF:/Users/PTS/code/secondhalf/getit-gotit/src/client/app/home/home.route.js
FN:1,(anonymous_1)
FN:10,appRun
FN:14,getStates
FNF:3
FNH:1
FNDA:1,(anonymous_1)
FNDA:0,appRun
FNDA:0,getStates
DA:1,1
DA:4,1
DA:8,1
DA:10,1
DA:11,0
DA:14,1
DA:15,0
LF:7
LH:5
BRF:0
BRH:0
end_of_record
TN:
SF:/Users/PTS/code/secondhalf/getit-gotit/src/client/app/layout/shell.controller.js
FN:1,(anonymous_1)
FN:11,ShellController
FN:16,activate
FNF:3
FNH:1
FNDA:1,(anonymous_1)
FNDA:0,ShellController
FNDA:0,activate
DA:1,1
DA:4,1
DA:8,1
DA:11,1
DA:12,0
DA:14,0
DA:16,1
DA:17,0
LF:8
LH:5
BRF:0
BRH:0
end_of_record
TN:
SF:/Users/PTS/code/secondhalf/getit-gotit/src/client/app/layout/topnav.controller.js
FN:1,(anonymous_1)
FN:11,TopNavController
FN:16,activate
FNF:3
FNH:1
FNDA:1,(anonymous_1)
FNDA:0,TopNavController
FNDA:0,activate
DA:1,1
DA:4,1
DA:11,1
DA:12,0
DA:14,0
DA:16,1
DA:17,0
LF:7
LH:4
BRF:0
BRH:0
end_of_record
TN:
SF:/Users/PTS/code/secondhalf/getit-gotit/src/client/app/main.js
FNF:0
FNH:0
LF:0
LH:0
BRF:0
BRH:0
end_of_record
TN:
SF:/Users/PTS/code/secondhalf/getit-gotit/src/client/app/services/service.js
FN:1,(anonymous_1)
FN:11,Service
FNF:2
FNH:1
FNDA:1,(anonymous_1)
FNDA:0,Service
DA:1,1
DA:4,1
DA:11,1
LF:3
LH:3
BRF:0
BRH:0
end_of_record
