TN:
SF:/Users/PTS/code/secondhalf/getit-gotit/src/client/app/app.module.js
FN:1,(anonymous_1)
FNF:1
FNH:1
FNDA:1,(anonymous_1)
DA:1,1
DA:4,1
LF:2
LH:2
BRF:0
BRH:0
end_of_record
TN:
SF:/Users/PTS/code/secondhalf/getit-gotit/src/client/app/app.config.js
FNF:0
FNH:0
LF:0
LH:0
BRF:0
BRH:0
end_of_record
TN:
SF:/Users/PTS/code/secondhalf/getit-gotit/src/client/app/app.core.js
FN:1,(anonymous_1)
FNF:1
FNH:1
FNDA:1,(anonymous_1)
DA:1,1
DA:4,1
LF:2
LH:2
BRF:0
BRH:0
end_of_record
TN:
SF:/Users/PTS/code/secondhalf/getit-gotit/src/client/app/services/service.js
FN:1,(anonymous_1)
FN:11,Service
FNF:2
FNH:1
FNDA:1,(anonymous_1)
FNDA:0,Service
DA:1,1
DA:4,1
DA:11,1
LF:3
LH:3
BRF:0
BRH:0
end_of_record
